CAJA ATX
 ------- itemSet(1)
i7 4660
 ------- itemSet(1)
Tarjeta Grafica ATI RADEON 9000
 ------- itemSet(1)
i3 2500
 ------- itemSet(1)
Tarjeta Grafica ATI RADEON 7000
 ------- itemSet(1)
Teclado 105 teclas
 ------- itemSet(1)
4GB RAM
 ------- itemSet(1)
Placa Base ASRock VGA INTEGRADA
 ------- itemSet(1)
Tarjeta de memoria 32GB
 ------- itemSet(1)
Portatil Asus
 ------- itemSet(1)
Tarjeta Grafica NVIDIA GTX 1250
 ------- itemSet(1)
Monitor 22 pulgadas
 ------- itemSet(1)
Monitor 32 pulgadas
 ------- itemSet(1)
Placa Base Gigabyte
 ------- itemSet(1)
Iphone XS
 ------- itemSet(1)
i9 8000
 ------- itemSet(1)
Raton inalambrico
 ------- itemSet(1)
MacBook Pro
 ------- itemSet(1)
i7 2500
 ------- itemSet(1)
Tarjeta de memoria 64GB
 ------- itemSet(1)
Raton optico
 ------- itemSet(1)
i5 3500
 ------- itemSet(1)
i3 1500
 ------- itemSet(1)
8GB RAM
 ------- itemSet(1)
Lector de tarjetas
 ------- itemSet(1)
Pasta Termica
 ------- itemSet(1)
i5 3250
 ------- itemSet(1)
CAJA ATX
,
i7 4660
 ------- itemSet(2)
CAJA ATX
,
Tarjeta Grafica ATI RADEON 9000
 ------- itemSet(2)
CAJA ATX
,
i3 2500
 ------- itemSet(2)
i7 4660
,
Tarjeta Grafica ATI RADEON 9000
 ------- itemSet(2)
CAJA ATX
,
Tarjeta Grafica ATI RADEON 7000
 ------- itemSet(2)
i7 4660
,
i3 2500
 ------- itemSet(2)
CAJA ATX
,
Teclado 105 teclas
 ------- itemSet(2)
i7 4660
,
Tarjeta Grafica ATI RADEON 7000
 ------- itemSet(2)
Tarjeta Grafica ATI RADEON 9000
,
i3 2500
 ------- itemSet(2)
CAJA ATX
,
4GB RAM
 ------- itemSet(2)
i7 4660
,
Teclado 105 teclas
 ------- itemSet(2)
Tarjeta Grafica ATI RADEON 9000
,
Tarjeta Grafica ATI RADEON 7000
 ------- itemSet(2)
CAJA ATX
,
Placa Base ASRock VGA INTEGRADA
 ------- itemSet(2)
i7 4660
,
4GB RAM
 ------- itemSet(2)
Tarjeta Grafica ATI RADEON 9000
,
Teclado 105 teclas
 ------- itemSet(2)
i3 2500
,
Tarjeta Grafica ATI RADEON 7000
 ------- itemSet(2)
CAJA ATX
,
Tarjeta de memoria 32GB
 ------- itemSet(2)
i7 4660
,
Placa Base ASRock VGA INTEGRADA
 ------- itemSet(2)
Tarjeta Grafica ATI RADEON 9000
,
4GB RAM
 ------- itemSet(2)
i3 2500
,
Teclado 105 teclas
 ------- itemSet(2)
CAJA ATX
,
Portatil Asus
 ------- itemSet(2)
i7 4660
,
Tarjeta de memoria 32GB
 ------- itemSet(2)
Tarjeta Grafica ATI RADEON 9000
,
Placa Base ASRock VGA INTEGRADA
 ------- itemSet(2)
i3 2500
,
4GB RAM
 ------- itemSet(2)
Tarjeta Grafica ATI RADEON 7000
,
Teclado 105 teclas
 ------- itemSet(2)
CAJA ATX
,
Tarjeta Grafica NVIDIA GTX 1250
 ------- itemSet(2)
i7 4660
,
Portatil Asus
 ------- itemSet(2)
Tarjeta Grafica ATI RADEON 9000
,
Tarjeta de memoria 32GB
 ------- itemSet(2)
i3 2500
,
Placa Base ASRock VGA INTEGRADA
 ------- itemSet(2)
Tarjeta Grafica ATI RADEON 7000
,
4GB RAM
 ------- itemSet(2)
CAJA ATX
,
Monitor 22 pulgadas
 ------- itemSet(2)
i7 4660
,
Tarjeta Grafica NVIDIA GTX 1250
 ------- itemSet(2)
Tarjeta Grafica ATI RADEON 9000
,
Portatil Asus
 ------- itemSet(2)
i3 2500
,
Tarjeta de memoria 32GB
 ------- itemSet(2)
Tarjeta Grafica ATI RADEON 7000
,
Placa Base ASRock VGA INTEGRADA
 ------- itemSet(2)
Teclado 105 teclas
,
4GB RAM
 ------- itemSet(2)
CAJA ATX
,
Monitor 32 pulgadas
 ------- itemSet(2)
i7 4660
,
Monitor 22 pulgadas
 ------- itemSet(2)
Tarjeta Grafica ATI RADEON 9000
,
Tarjeta Grafica NVIDIA GTX 1250
 ------- itemSet(2)
i3 2500
,
Portatil Asus
 ------- itemSet(2)
Tarjeta Grafica ATI RADEON 7000
,
Tarjeta de memoria 32GB
 ------- itemSet(2)
Teclado 105 teclas
,
Placa Base ASRock VGA INTEGRADA
 ------- itemSet(2)
CAJA ATX
,
Placa Base Gigabyte
 ------- itemSet(2)
i7 4660
,
Monitor 32 pulgadas
 ------- itemSet(2)
Tarjeta Grafica ATI RADEON 9000
,
Monitor 22 pulgadas
 ------- itemSet(2)
i3 2500
,
Tarjeta Grafica NVIDIA GTX 1250
 ------- itemSet(2)
Tarjeta Grafica ATI RADEON 7000
,
Portatil Asus
 ------- itemSet(2)
Teclado 105 teclas
,
Tarjeta de memoria 32GB
 ------- itemSet(2)
4GB RAM
,
Placa Base ASRock VGA INTEGRADA
 ------- itemSet(2)
CAJA ATX
,
Iphone XS
 ------- itemSet(2)
i7 4660
,
Placa Base Gigabyte
 ------- itemSet(2)
Tarjeta Grafica ATI RADEON 9000
,
Monitor 32 pulgadas
 ------- itemSet(2)
i3 2500
,
Monitor 22 pulgadas
 ------- itemSet(2)
Tarjeta Grafica ATI RADEON 7000
,
Tarjeta Grafica NVIDIA GTX 1250
 ------- itemSet(2)
Teclado 105 teclas
,
Portatil Asus
 ------- itemSet(2)
4GB RAM
,
Tarjeta de memoria 32GB
 ------- itemSet(2)
i9 8000
,
CAJA ATX
 ------- itemSet(2)
i7 4660
,
Iphone XS
 ------- itemSet(2)
Tarjeta Grafica ATI RADEON 9000
,
Placa Base Gigabyte
 ------- itemSet(2)
i3 2500
,
Monitor 32 pulgadas
 ------- itemSet(2)
Tarjeta Grafica ATI RADEON 7000
,
Monitor 22 pulgadas
 ------- itemSet(2)
Teclado 105 teclas
,
Tarjeta Grafica NVIDIA GTX 1250
 ------- itemSet(2)
4GB RAM
,
Portatil Asus
 ------- itemSet(2)
Placa Base ASRock VGA INTEGRADA
,
Tarjeta de memoria 32GB
 ------- itemSet(2)
CAJA ATX
,
Raton inalambrico
 ------- itemSet(2)
i9 8000
,
i7 4660
 ------- itemSet(2)
Tarjeta Grafica ATI RADEON 9000
,
Iphone XS
 ------- itemSet(2)
i3 2500
,
Placa Base Gigabyte
 ------- itemSet(2)
Tarjeta Grafica ATI RADEON 7000
,
Monitor 32 pulgadas
 ------- itemSet(2)
Teclado 105 teclas
,
Monitor 22 pulgadas
 ------- itemSet(2)
4GB RAM
,
Tarjeta Grafica NVIDIA GTX 1250
 ------- itemSet(2)
Placa Base ASRock VGA INTEGRADA
,
Portatil Asus
 ------- itemSet(2)
Raton inalambrico
,
i7 4660
 ------- itemSet(2)
CAJA ATX
,
MacBook Pro
 ------- itemSet(2)
i9 8000
,
Tarjeta Grafica ATI RADEON 9000
 ------- itemSet(2)
i3 2500
,
Iphone XS
 ------- itemSet(2)
Tarjeta Grafica ATI RADEON 7000
,
Placa Base Gigabyte
 ------- itemSet(2)
Teclado 105 teclas
,
Monitor 32 pulgadas
 ------- itemSet(2)
4GB RAM
,
Monitor 22 pulgadas
 ------- itemSet(2)
Placa Base ASRock VGA INTEGRADA
,
Tarjeta Grafica NVIDIA GTX 1250
 ------- itemSet(2)
Tarjeta de memoria 32GB
,
Portatil Asus
 ------- itemSet(2)
Raton inalambrico
,
Tarjeta Grafica ATI RADEON 9000
 ------- itemSet(2)
CAJA ATX
,
i7 2500
 ------- itemSet(2)
i7 4660
,
MacBook Pro
 ------- itemSet(2)
i9 8000
,
i3 2500
 ------- itemSet(2)
Tarjeta Grafica ATI RADEON 7000
,
Iphone XS
 ------- itemSet(2)
Teclado 105 teclas
,
Placa Base Gigabyte
 ------- itemSet(2)
4GB RAM
,
Monitor 32 pulgadas
 ------- itemSet(2)
Placa Base ASRock VGA INTEGRADA
,
Monitor 22 pulgadas
 ------- itemSet(2)
Tarjeta de memoria 32GB
,
Tarjeta Grafica NVIDIA GTX 1250
 ------- itemSet(2)
Raton inalambrico
,
i3 2500
 ------- itemSet(2)
CAJA ATX
,
Tarjeta de memoria 64GB
 ------- itemSet(2)
i7 4660
,
i7 2500
 ------- itemSet(2)
MacBook Pro
,
Tarjeta Grafica ATI RADEON 9000
 ------- itemSet(2)
i9 8000
,
Tarjeta Grafica ATI RADEON 7000
 ------- itemSet(2)
Portatil Asus
,
Tarjeta Grafica NVIDIA GTX 1250
 ------- itemSet(2)
Teclado 105 teclas
,
Iphone XS
 ------- itemSet(2)
4GB RAM
,
Placa Base Gigabyte
 ------- itemSet(2)
Placa Base ASRock VGA INTEGRADA
,
Monitor 32 pulgadas
 ------- itemSet(2)
Tarjeta de memoria 32GB
,
Monitor 22 pulgadas
 ------- itemSet(2)
Raton inalambrico
,
Tarjeta Grafica ATI RADEON 7000
 ------- itemSet(2)
CAJA ATX
,
Raton optico
 ------- itemSet(2)
i7 4660
,
Tarjeta de memoria 64GB
 ------- itemSet(2)
Tarjeta Grafica ATI RADEON 9000
,
i7 2500
 ------- itemSet(2)
MacBook Pro
,
i3 2500
 ------- itemSet(2)
i9 8000
,
Teclado 105 teclas
 ------- itemSet(2)
Portatil Asus
,
Monitor 22 pulgadas
 ------- itemSet(2)
4GB RAM
,
Iphone XS
 ------- itemSet(2)
Placa Base ASRock VGA INTEGRADA
,
Placa Base Gigabyte
 ------- itemSet(2)
Tarjeta de memoria 32GB
,
Monitor 32 pulgadas
 ------- itemSet(2)
Tarjeta Grafica ATI RADEON 9000
,
Tarjeta de memoria 64GB
 ------- itemSet(2)
CAJA ATX
,
i5 3500
 ------- itemSet(2)
i9 8000
,
4GB RAM
 ------- itemSet(2)
i7 4660
,
Raton optico
 ------- itemSet(2)
i7 2500
,
i3 2500
 ------- itemSet(2)
Placa Base ASRock VGA INTEGRADA
,
Iphone XS
 ------- itemSet(2)
MacBook Pro
,
Tarjeta Grafica ATI RADEON 7000
 ------- itemSet(2)
Tarjeta de memoria 32GB
,
Placa Base Gigabyte
 ------- itemSet(2)
Tarjeta Grafica NVIDIA GTX 1250
,
Monitor 22 pulgadas
 ------- itemSet(2)
Raton inalambrico
,
Teclado 105 teclas
 ------- itemSet(2)
Portatil Asus
,
Monitor 32 pulgadas
 ------- itemSet(2)
i7 4660
,
i5 3500
 ------- itemSet(2)
CAJA ATX
,
i3 1500
 ------- itemSet(2)
Tarjeta Grafica ATI RADEON 9000
,
Raton optico
 ------- itemSet(2)
Raton inalambrico
,
4GB RAM
 ------- itemSet(2)
Portatil Asus
,
Placa Base Gigabyte
 ------- itemSet(2)
i9 8000
,
Placa Base ASRock VGA INTEGRADA
 ------- itemSet(2)
Tarjeta de memoria 32GB
,
Iphone XS
 ------- itemSet(2)
i3 2500
,
Tarjeta de memoria 64GB
 ------- itemSet(2)
i7 2500
,
Tarjeta Grafica ATI RADEON 7000
 ------- itemSet(2)
MacBook Pro
,
Teclado 105 teclas
 ------- itemSet(2)
Tarjeta Grafica NVIDIA GTX 1250
,
Monitor 32 pulgadas
 ------- itemSet(2)
i7 4660
,
i3 1500
 ------- itemSet(2)
CAJA ATX
,
8GB RAM
 ------- itemSet(2)
Portatil Asus
,
Iphone XS
 ------- itemSet(2)
Monitor 22 pulgadas
,
Monitor 32 pulgadas
 ------- itemSet(2)
Tarjeta Grafica NVIDIA GTX 1250
,
Placa Base Gigabyte
 ------- itemSet(2)
Tarjeta Grafica ATI RADEON 9000
,
i5 3500
 ------- itemSet(2)
i3 2500
,
Raton optico
 ------- itemSet(2)
i9 8000
,
Tarjeta de memoria 32GB
 ------- itemSet(2)
i7 2500
,
Teclado 105 teclas
 ------- itemSet(2)
MacBook Pro
,
4GB RAM
 ------- itemSet(2)
Tarjeta de memoria 64GB
,
Tarjeta Grafica ATI RADEON 7000
 ------- itemSet(2)
Raton inalambrico
,
Placa Base ASRock VGA INTEGRADA
 ------- itemSet(2)
Raton inalambrico
,
Tarjeta de memoria 32GB
 ------- itemSet(2)
CAJA ATX
,
Lector de tarjetas
 ------- itemSet(2)
Tarjeta Grafica ATI RADEON 7000
,
Raton optico
 ------- itemSet(2)
i9 8000
,
Portatil Asus
 ------- itemSet(2)
i7 2500
,
4GB RAM
 ------- itemSet(2)
MacBook Pro
,
Placa Base ASRock VGA INTEGRADA
 ------- itemSet(2)
i7 4660
,
8GB RAM
 ------- itemSet(2)
Tarjeta Grafica ATI RADEON 9000
,
i3 1500
 ------- itemSet(2)
i3 2500
,
i5 3500
 ------- itemSet(2)
Monitor 22 pulgadas
,
Placa Base Gigabyte
 ------- itemSet(2)
Tarjeta Grafica NVIDIA GTX 1250
,
Iphone XS
 ------- itemSet(2)
Tarjeta de memoria 64GB
,
Teclado 105 teclas
 ------- itemSet(2)
CAJA ATX
,
Pasta Termica
 ------- itemSet(2)
Tarjeta Grafica ATI RADEON 7000
,
i5 3500
 ------- itemSet(2)
Monitor 22 pulgadas
,
Iphone XS
 ------- itemSet(2)
i7 4660
,
Lector de tarjetas
 ------- itemSet(2)
i3 2500
,
i3 1500
 ------- itemSet(2)
i7 2500
,
Placa Base ASRock VGA INTEGRADA
 ------- itemSet(2)
i9 8000
,
Tarjeta Grafica NVIDIA GTX 1250
 ------- itemSet(2)
Monitor 32 pulgadas
,
Placa Base Gigabyte
 ------- itemSet(2)
Tarjeta Grafica ATI RADEON 9000
,
8GB RAM
 ------- itemSet(2)
MacBook Pro
,
Tarjeta de memoria 32GB
 ------- itemSet(2)
Raton inalambrico
,
Portatil Asus
 ------- itemSet(2)
Raton optico
,
Teclado 105 teclas
 ------- itemSet(2)
Tarjeta de memoria 64GB
,
4GB RAM
 ------- itemSet(2)
CAJA ATX
,
i5 3250
 ------- itemSet(2)
Raton inalambrico
,
Tarjeta Grafica NVIDIA GTX 1250
 ------- itemSet(2)
i7 4660
,
Pasta Termica
 ------- itemSet(2)
Tarjeta Grafica ATI RADEON 9000
,
Lector de tarjetas
 ------- itemSet(2)
Teclado 105 teclas
,
i5 3500
 ------- itemSet(2)
i3 2500
,
8GB RAM
 ------- itemSet(2)
Tarjeta de memoria 64GB
,
Placa Base ASRock VGA INTEGRADA
 ------- itemSet(2)
i7 2500
,
Tarjeta de memoria 32GB
 ------- itemSet(2)
Raton optico
,
4GB RAM
 ------- itemSet(2)
MacBook Pro
,
Portatil Asus
 ------- itemSet(2)
i9 8000
,
Monitor 22 pulgadas
 ------- itemSet(2)
Monitor 32 pulgadas
,
Iphone XS
 ------- itemSet(2)
Tarjeta Grafica ATI RADEON 7000
,
i3 1500
 ------- itemSet(2)
Placa Base Gigabyte
,
Iphone XS
 ------- itemSet(2)
Raton inalambrico
,
Monitor 22 pulgadas
 ------- itemSet(2)
Tarjeta de memoria 64GB
,
Tarjeta de memoria 32GB
 ------- itemSet(2)
Teclado 105 teclas
,
i3 1500
 ------- itemSet(2)
Raton optico
,
Placa Base ASRock VGA INTEGRADA
 ------- itemSet(2)
Tarjeta Grafica ATI RADEON 7000
,
8GB RAM
 ------- itemSet(2)
i7 2500
,
Portatil Asus
 ------- itemSet(2)
i7 4660
,
i5 3250
 ------- itemSet(2)
Tarjeta Grafica ATI RADEON 9000
,
Pasta Termica
 ------- itemSet(2)
i5 3500
,
4GB RAM
 ------- itemSet(2)
MacBook Pro
,
Tarjeta Grafica NVIDIA GTX 1250
 ------- itemSet(2)
i3 2500
,
Lector de tarjetas
 ------- itemSet(2)
i9 8000
,
Monitor 32 pulgadas
 ------- itemSet(2)
Raton optico
,
Tarjeta de memoria 32GB
 ------- itemSet(2)
Tarjeta Grafica ATI RADEON 9000
,
i5 3250
 ------- itemSet(2)
i3 2500
,
Pasta Termica
 ------- itemSet(2)
Raton inalambrico
,
Monitor 32 pulgadas
 ------- itemSet(2)
Tarjeta Grafica ATI RADEON 7000
,
Lector de tarjetas
 ------- itemSet(2)
Teclado 105 teclas
,
8GB RAM
 ------- itemSet(2)
4GB RAM
,
i3 1500
 ------- itemSet(2)
i5 3500
,
Placa Base ASRock VGA INTEGRADA
 ------- itemSet(2)
Tarjeta de memoria 64GB
,
Portatil Asus
 ------- itemSet(2)
i7 2500
,
Tarjeta Grafica NVIDIA GTX 1250
 ------- itemSet(2)
MacBook Pro
,
Monitor 22 pulgadas
 ------- itemSet(2)
i9 8000
,
Placa Base Gigabyte
 ------- itemSet(2)
Tarjeta Grafica ATI RADEON 7000
,
Pasta Termica
 ------- itemSet(2)
i3 1500
,
Placa Base ASRock VGA INTEGRADA
 ------- itemSet(2)
4GB RAM
,
8GB RAM
 ------- itemSet(2)
i5 3500
,
Tarjeta de memoria 32GB
 ------- itemSet(2)
Raton optico
,
Portatil Asus
 ------- itemSet(2)
i7 2500
,
Monitor 22 pulgadas
 ------- itemSet(2)
i3 2500
,
i5 3250
 ------- itemSet(2)
Raton inalambrico
,
Placa Base Gigabyte
 ------- itemSet(2)
i9 8000
,
Iphone XS
 ------- itemSet(2)
MacBook Pro
,
Monitor 32 pulgadas
 ------- itemSet(2)
Teclado 105 teclas
,
Lector de tarjetas
 ------- itemSet(2)
Tarjeta de memoria 64GB
,
Tarjeta Grafica NVIDIA GTX 1250
 ------- itemSet(2)
Placa Base ASRock VGA INTEGRADA
,
8GB RAM
 ------- itemSet(2)
Tarjeta Grafica ATI RADEON 7000
,
i5 3250
 ------- itemSet(2)
4GB RAM
,
Lector de tarjetas
 ------- itemSet(2)
Tarjeta de memoria 64GB
,
Monitor 22 pulgadas
 ------- itemSet(2)
Teclado 105 teclas
,
Pasta Termica
 ------- itemSet(2)
Raton inalambrico
,
Iphone XS
 ------- itemSet(2)
MacBook Pro
,
Placa Base Gigabyte
 ------- itemSet(2)
Raton optico
,
Tarjeta Grafica NVIDIA GTX 1250
 ------- itemSet(2)
i7 2500
,
Monitor 32 pulgadas
 ------- itemSet(2)
i3 1500
,
Tarjeta de memoria 32GB
 ------- itemSet(2)
i5 3500
,
Portatil Asus
 ------- itemSet(2)
Raton optico
,
Monitor 22 pulgadas
 ------- itemSet(2)
Teclado 105 teclas
,
i5 3250
 ------- itemSet(2)
Tarjeta de memoria 64GB
,
Monitor 32 pulgadas
 ------- itemSet(2)
MacBook Pro
,
Iphone XS
 ------- itemSet(2)
4GB RAM
,
Pasta Termica
 ------- itemSet(2)
i7 2500
,
Placa Base Gigabyte
 ------- itemSet(2)
Placa Base ASRock VGA INTEGRADA
,
Lector de tarjetas
 ------- itemSet(2)
8GB RAM
,
Tarjeta de memoria 32GB
 ------- itemSet(2)
i9 8000
,
Raton inalambrico
 ------- itemSet(2)
i3 1500
,
Portatil Asus
 ------- itemSet(2)
i5 3500
,
Tarjeta Grafica NVIDIA GTX 1250
 ------- itemSet(2)
4GB RAM
,
i5 3250
 ------- itemSet(2)
Placa Base ASRock VGA INTEGRADA
,
Pasta Termica
 ------- itemSet(2)
i7 2500
,
Iphone XS
 ------- itemSet(2)
i9 8000
,
MacBook Pro
 ------- itemSet(2)
Tarjeta de memoria 32GB
,
Lector de tarjetas
 ------- itemSet(2)
8GB RAM
,
Portatil Asus
 ------- itemSet(2)
i3 1500
,
Tarjeta Grafica NVIDIA GTX 1250
 ------- itemSet(2)
i5 3500
,
Monitor 22 pulgadas
 ------- itemSet(2)
Tarjeta de memoria 64GB
,
Placa Base Gigabyte
 ------- itemSet(2)
Raton optico
,
Monitor 32 pulgadas
 ------- itemSet(2)
Raton inalambrico
,
MacBook Pro
 ------- itemSet(2)
Raton optico
,
Placa Base Gigabyte
 ------- itemSet(2)
Placa Base ASRock VGA INTEGRADA
,
i5 3250
 ------- itemSet(2)
Tarjeta de memoria 32GB
,
Pasta Termica
 ------- itemSet(2)
Lector de tarjetas
,
Portatil Asus
 ------- itemSet(2)
8GB RAM
,
Tarjeta Grafica NVIDIA GTX 1250
 ------- itemSet(2)
i3 1500
,
Monitor 22 pulgadas
 ------- itemSet(2)
i5 3500
,
Monitor 32 pulgadas
 ------- itemSet(2)
Tarjeta de memoria 64GB
,
Iphone XS
 ------- itemSet(2)
i9 8000
,
i7 2500
 ------- itemSet(2)
Portatil Asus
,
Pasta Termica
 ------- itemSet(2)
Tarjeta de memoria 32GB
,
i5 3250
 ------- itemSet(2)
Lector de tarjetas
,
Tarjeta Grafica NVIDIA GTX 1250
 ------- itemSet(2)
8GB RAM
,
Monitor 22 pulgadas
 ------- itemSet(2)
i3 1500
,
Monitor 32 pulgadas
 ------- itemSet(2)
i5 3500
,
Placa Base Gigabyte
 ------- itemSet(2)
Raton optico
,
Iphone XS
 ------- itemSet(2)
i9 8000
,
Tarjeta de memoria 64GB
 ------- itemSet(2)
Raton inalambrico
,
i7 2500
 ------- itemSet(2)
Portatil Asus
,
i5 3250
 ------- itemSet(2)
Pasta Termica
,
Tarjeta Grafica NVIDIA GTX 1250
 ------- itemSet(2)
Lector de tarjetas
,
Monitor 22 pulgadas
 ------- itemSet(2)
8GB RAM
,
Monitor 32 pulgadas
 ------- itemSet(2)
i3 1500
,
Placa Base Gigabyte
 ------- itemSet(2)
i5 3500
,
Iphone XS
 ------- itemSet(2)
i9 8000
,
Raton optico
 ------- itemSet(2)
Raton inalambrico
,
Tarjeta de memoria 64GB
 ------- itemSet(2)
MacBook Pro
,
i7 2500
 ------- itemSet(2)
Tarjeta Grafica NVIDIA GTX 1250
,
i5 3250
 ------- itemSet(2)
Pasta Termica
,
Monitor 22 pulgadas
 ------- itemSet(2)
Lector de tarjetas
,
Monitor 32 pulgadas
 ------- itemSet(2)
8GB RAM
,
Placa Base Gigabyte
 ------- itemSet(2)
i3 1500
,
Iphone XS
 ------- itemSet(2)
i9 8000
,
i5 3500
 ------- itemSet(2)
Raton inalambrico
,
Raton optico
 ------- itemSet(2)
MacBook Pro
,
Tarjeta de memoria 64GB
 ------- itemSet(2)
i5 3250
,
Monitor 22 pulgadas
 ------- itemSet(2)
Pasta Termica
,
Monitor 32 pulgadas
 ------- itemSet(2)
Lector de tarjetas
,
Placa Base Gigabyte
 ------- itemSet(2)
8GB RAM
,
Iphone XS
 ------- itemSet(2)
i9 8000
,
i3 1500
 ------- itemSet(2)
Raton inalambrico
,
i5 3500
 ------- itemSet(2)
MacBook Pro
,
Raton optico
 ------- itemSet(2)
i7 2500
,
Tarjeta de memoria 64GB
 ------- itemSet(2)
i5 3250
,
Monitor 32 pulgadas
 ------- itemSet(2)
Pasta Termica
,
Placa Base Gigabyte
 ------- itemSet(2)
Lector de tarjetas
,
Iphone XS
 ------- itemSet(2)
i9 8000
,
8GB RAM
 ------- itemSet(2)
Raton inalambrico
,
i3 1500
 ------- itemSet(2)
MacBook Pro
,
i5 3500
 ------- itemSet(2)
i7 2500
,
Raton optico
 ------- itemSet(2)
i5 3250
,
Placa Base Gigabyte
 ------- itemSet(2)
Pasta Termica
,
Iphone XS
 ------- itemSet(2)
i9 8000
,
Lector de tarjetas
 ------- itemSet(2)
Raton inalambrico
,
8GB RAM
 ------- itemSet(2)
MacBook Pro
,
i3 1500
 ------- itemSet(2)
i7 2500
,
i5 3500
 ------- itemSet(2)
Tarjeta de memoria 64GB
,
Raton optico
 ------- itemSet(2)
i5 3250
,
Iphone XS
 ------- itemSet(2)
i9 8000
,
Pasta Termica
 ------- itemSet(2)
Raton inalambrico
,
Lector de tarjetas
 ------- itemSet(2)
MacBook Pro
,
8GB RAM
 ------- itemSet(2)
i7 2500
,
i3 1500
 ------- itemSet(2)
Tarjeta de memoria 64GB
,
i5 3500
 ------- itemSet(2)
i9 8000
,
i5 3250
 ------- itemSet(2)
Raton inalambrico
,
Pasta Termica
 ------- itemSet(2)
MacBook Pro
,
Lector de tarjetas
 ------- itemSet(2)
i7 2500
,
8GB RAM
 ------- itemSet(2)
Tarjeta de memoria 64GB
,
i3 1500
 ------- itemSet(2)
Raton optico
,
i5 3500
 ------- itemSet(2)
Raton inalambrico
,
i5 3250
 ------- itemSet(2)
MacBook Pro
,
Pasta Termica
 ------- itemSet(2)
i7 2500
,
Lector de tarjetas
 ------- itemSet(2)
Tarjeta de memoria 64GB
,
8GB RAM
 ------- itemSet(2)
Raton optico
,
i3 1500
 ------- itemSet(2)
MacBook Pro
,
i5 3250
 ------- itemSet(2)
i7 2500
,
Pasta Termica
 ------- itemSet(2)
Tarjeta de memoria 64GB
,
Lector de tarjetas
 ------- itemSet(2)
Raton optico
,
8GB RAM
 ------- itemSet(2)
i5 3500
,
i3 1500
 ------- itemSet(2)
i7 2500
,
i5 3250
 ------- itemSet(2)
Tarjeta de memoria 64GB
,
Pasta Termica
 ------- itemSet(2)
Raton optico
,
Lector de tarjetas
 ------- itemSet(2)
i5 3500
,
8GB RAM
 ------- itemSet(2)
Tarjeta de memoria 64GB
,
i5 3250
 ------- itemSet(2)
Raton optico
,
Pasta Termica
 ------- itemSet(2)
i5 3500
,
Lector de tarjetas
 ------- itemSet(2)
i3 1500
,
8GB RAM
 ------- itemSet(2)
Raton optico
,
i5 3250
 ------- itemSet(2)
i5 3500
,
Pasta Termica
 ------- itemSet(2)
i3 1500
,
Lector de tarjetas
 ------- itemSet(2)
i5 3500
,
i5 3250
 ------- itemSet(2)
i3 1500
,
Pasta Termica
 ------- itemSet(2)
8GB RAM
,
Lector de tarjetas
 ------- itemSet(2)
i3 1500
,
i5 3250
 ------- itemSet(2)
8GB RAM
,
Pasta Termica
 ------- itemSet(2)
8GB RAM
,
i5 3250
 ------- itemSet(2)
Lector de tarjetas
,
Pasta Termica
 ------- itemSet(2)
Lector de tarjetas
,
i5 3250
 ------- itemSet(2)
Pasta Termica
,
i5 3250
 ------- itemSet(2)
Lector de tarjetas
,
Pasta Termica
,
Placa Base Gigabyte
 ------- itemSet(3)
Raton optico
,
i3 1500
,
Lector de tarjetas
 ------- itemSet(3)
i7 4660
,
i3 2500
,
Tarjeta de memoria 32GB
 ------- itemSet(3)
Tarjeta Grafica ATI RADEON 9000
,
i3 2500
,
Tarjeta de memoria 32GB
 ------- itemSet(3)
i3 2500
,
Tarjeta Grafica ATI RADEON 7000
,
Tarjeta de memoria 32GB
 ------- itemSet(3)
Tarjeta Grafica ATI RADEON 9000
,
i3 2500
,
Monitor 32 pulgadas
 ------- itemSet(3)
Teclado 105 teclas
,
Placa Base ASRock VGA INTEGRADA
,
Tarjeta de memoria 32GB
 ------- itemSet(3)
CAJA ATX
,
Tarjeta de memoria 32GB
,
Iphone XS
 ------- itemSet(3)
CAJA ATX
,
Raton inalambrico
,
Placa Base ASRock VGA INTEGRADA
 ------- itemSet(3)
i3 2500
,
Placa Base ASRock VGA INTEGRADA
,
Placa Base Gigabyte
 ------- itemSet(3)
i9 8000
,
Teclado 105 teclas
,
Tarjeta de memoria 32GB
 ------- itemSet(3)
i7 2500
,
Teclado 105 teclas
,
4GB RAM
 ------- itemSet(3)
i9 8000
,
Placa Base ASRock VGA INTEGRADA
,
Tarjeta de memoria 32GB
 ------- itemSet(3)
i3 2500
,
Raton optico
,
Portatil Asus
 ------- itemSet(3)
i9 8000
,
Teclado 105 teclas
,
Monitor 32 pulgadas
 ------- itemSet(3)
CAJA ATX
,
Raton inalambrico
,
i7 2500
 ------- itemSet(3)
i7 2500
,
Tarjeta de memoria 32GB
,
Portatil Asus
 ------- itemSet(3)
i3 2500
,
Tarjeta de memoria 32GB
,
Lector de tarjetas
 ------- itemSet(3)
i9 8000
,
MacBook Pro
,
i3 2500
 ------- itemSet(3)
i3 2500
,
Tarjeta de memoria 32GB
,
Pasta Termica
 ------- itemSet(3)
MacBook Pro
,
i7 2500
,
i3 2500
 ------- itemSet(3)
i9 8000
,
Monitor 22 pulgadas
,
Placa Base Gigabyte
 ------- itemSet(3)
i9 8000
,
MacBook Pro
,
Tarjeta de memoria 32GB
 ------- itemSet(3)
Raton inalambrico
,
MacBook Pro
,
Tarjeta de memoria 32GB
 ------- itemSet(3)
i9 8000
,
Tarjeta de memoria 64GB
,
Tarjeta de memoria 32GB
 ------- itemSet(3)
Raton inalambrico
,
i3 2500
,
Pasta Termica
 ------- itemSet(3)
Tarjeta de memoria 64GB
,
Raton optico
,
Teclado 105 teclas
 ------- itemSet(3)
i9 8000
,
i7 2500
,
Monitor 32 pulgadas
 ------- itemSet(3)
i9 8000
,
8GB RAM
,
Portatil Asus
 ------- itemSet(3)
i7 2500
,
Tarjeta de memoria 64GB
,
Monitor 22 pulgadas
 ------- itemSet(3)
i3 2500
,
Raton optico
,
Pasta Termica
 ------- itemSet(3)
i9 8000
,
Pasta Termica
,
Monitor 22 pulgadas
 ------- itemSet(3)
i9 8000
,
8GB RAM
,
Iphone XS
 ------- itemSet(3)
i3 2500
,
Pasta Termica
,
i5 3250
 ------- itemSet(3)
Raton optico
,
Portatil Asus
,
Pasta Termica
 ------- itemSet(3)
i9 8000
,
i7 2500
,
Pasta Termica
 ------- itemSet(3)
--------------------------------------------------------

[i9 8000, Monitor 22 pulgadas, Placa Base Gigabyte]

[i7 2500, Tarjeta de memoria 64GB, Monitor 22 pulgadas]

[i9 8000, Pasta Termica, Monitor 22 pulgadas]

